2024-03-12 15:06:33 INFO  LogHelper:31 - HHH000204: Processing PersistenceUnitInfo [name: myunit]
2024-03-12 15:06:34 INFO  Version:44 - HHH000412: Hibernate ORM core version 5.5.4.Final
2024-03-12 15:06:35 INFO  Version:56 - HCANN000001: Hibernate Commons Annotations {5.1.2.Final}
2024-03-12 15:06:36 WARN  pooling:72 - HHH10001002: Using Hibernate built-in connection pool (not for production use!)
2024-03-12 15:06:36 INFO  pooling:115 - HHH10001005: using driver [com.mysql.cj.jdbc.Driver] at URL [jdbc:mysql://localhost:3306/postgres]
2024-03-12 15:06:36 INFO  pooling:124 - HHH10001001: Connection properties: {password=****, user=root}
2024-03-12 15:06:36 INFO  pooling:129 - HHH10001003: Autocommit mode: false
2024-03-12 15:06:36 INFO  DriverManagerConnectionProviderImpl:274 - HHH000115: Hibernate connection pool size: 20 (min=1)
2024-03-12 15:06:39 INFO  Dialect:175 - HHH000400: Using dialect: org.hibernate.dialect.MySQLDialect
2024-03-12 15:06:41 INFO  JtaPlatformInitiator:52 - HHH000490: Using JtaPlatform implementation: [org.hibernate.engine.transaction.jta.platform.internal.NoJtaPlatform]
2024-03-12 15:06:42 INFO  Demo:19 - Hello
2024-03-12 15:07:51 INFO  LogHelper:31 - HHH000204: Processing PersistenceUnitInfo [name: myunit]
2024-03-12 15:07:52 INFO  Version:44 - HHH000412: Hibernate ORM core version 5.5.4.Final
2024-03-12 15:07:53 INFO  Version:56 - HCANN000001: Hibernate Commons Annotations {5.1.2.Final}
2024-03-12 15:07:54 WARN  pooling:72 - HHH10001002: Using Hibernate built-in connection pool (not for production use!)
2024-03-12 15:07:54 INFO  pooling:115 - HHH10001005: using driver [com.mysql.cj.jdbc.Driver] at URL [jdbc:mysql://localhost:3306/postgres]
2024-03-12 15:07:54 INFO  pooling:124 - HHH10001001: Connection properties: {password=****, user=root}
2024-03-12 15:07:54 INFO  pooling:129 - HHH10001003: Autocommit mode: false
2024-03-12 15:07:54 INFO  DriverManagerConnectionProviderImpl:274 - HHH000115: Hibernate connection pool size: 20 (min=1)
2024-03-12 15:07:56 INFO  Dialect:175 - HHH000400: Using dialect: org.hibernate.dialect.MySQLDialect
2024-03-12 15:07:59 INFO  JtaPlatformInitiator:52 - HHH000490: Using JtaPlatform implementation: [org.hibernate.engine.transaction.jta.platform.internal.NoJtaPlatform]
2024-03-12 15:08:00 INFO  Demo:19 - Hello
2024-03-12 15:08:56 INFO  LogHelper:31 - HHH000204: Processing PersistenceUnitInfo [name: myunit]
2024-03-12 15:08:56 INFO  Version:44 - HHH000412: Hibernate ORM core version 5.5.4.Final
2024-03-12 15:08:57 INFO  Version:56 - HCANN000001: Hibernate Commons Annotations {5.1.2.Final}
2024-03-12 15:08:57 WARN  pooling:72 - HHH10001002: Using Hibernate built-in connection pool (not for production use!)
2024-03-12 15:08:57 INFO  pooling:115 - HHH10001005: using driver [com.mysql.cj.jdbc.Driver] at URL [jdbc:mysql://localhost:3306/postgres]
2024-03-12 15:08:57 INFO  pooling:124 - HHH10001001: Connection properties: {password=****, user=root}
2024-03-12 15:08:57 INFO  pooling:129 - HHH10001003: Autocommit mode: false
2024-03-12 15:08:57 INFO  DriverManagerConnectionProviderImpl:274 - HHH000115: Hibernate connection pool size: 20 (min=1)
2024-03-12 15:08:58 INFO  Dialect:175 - HHH000400: Using dialect: org.hibernate.dialect.MySQLDialect
2024-03-12 15:08:59 INFO  JtaPlatformInitiator:52 - HHH000490: Using JtaPlatform implementation: [org.hibernate.engine.transaction.jta.platform.internal.NoJtaPlatform]
2024-03-12 15:09:00 INFO  Demo:19 - Hello
2024-03-12 15:10:17 INFO  LogHelper:31 - HHH000204: Processing PersistenceUnitInfo [name: myunit]
2024-03-12 15:10:18 INFO  Version:44 - HHH000412: Hibernate ORM core version 5.5.4.Final
2024-03-12 15:10:19 INFO  Version:56 - HCANN000001: Hibernate Commons Annotations {5.1.2.Final}
2024-03-12 15:10:20 WARN  pooling:72 - HHH10001002: Using Hibernate built-in connection pool (not for production use!)
2024-03-12 15:10:20 INFO  pooling:115 - HHH10001005: using driver [com.mysql.cj.jdbc.Driver] at URL [jdbc:mysql://localhost:3306/postgres]
2024-03-12 15:10:20 INFO  pooling:124 - HHH10001001: Connection properties: {password=****, user=root}
2024-03-12 15:10:20 INFO  pooling:129 - HHH10001003: Autocommit mode: false
2024-03-12 15:10:20 INFO  DriverManagerConnectionProviderImpl:274 - HHH000115: Hibernate connection pool size: 20 (min=1)
2024-03-12 15:10:22 INFO  Dialect:175 - HHH000400: Using dialect: org.hibernate.dialect.MySQLDialect
2024-03-12 15:10:25 INFO  JtaPlatformInitiator:52 - HHH000490: Using JtaPlatform implementation: [org.hibernate.engine.transaction.jta.platform.internal.NoJtaPlatform]
2024-03-12 15:10:26 INFO  App:57 - [TestJob [jobId=100, company=Microsoft, description=HR, startdate=2024-03-05], TestJob [jobId=123, company=google, description=Associate, startdate=2024-07-07], TestJob [jobId=124, company=google, description=CEO, startdate=2024-07-07]]Hi
